2020-07-29 20:13:40.7800||INFO|Microsoft.AspNetCore.DataProtection.KeyManagement.XmlKeyManager|User profile is available. Using 'C:\Users\malik\AppData\Local\ASP.NET\DataProtection-Keys' as key repository and Windows DPAPI to encrypt keys at rest. 
2020-07-29 20:13:42.9988||INFO|Microsoft.Hosting.Lifetime|Application started. Press Ctrl+C to shut down. 
2020-07-29 20:13:42.9988||INFO|Microsoft.Hosting.Lifetime|Hosting environment: Development 
2020-07-29 20:13:42.9988||INFO|Microsoft.Hosting.Lifetime|Content root path: C:\Users\malik\Desktop\Projects\ECommerceShop\ECommerce\ECommerce.Api 
2020-07-29 20:13:43.0699|1|INFO|Microsoft.AspNetCore.Hosting.Diagnostics|Request starting HTTP/2.0 GET https://localhost:44309/swagger/index.html   
2020-07-29 20:13:43.2003|2|INFO|Microsoft.AspNetCore.Hosting.Diagnostics|Request finished in 126.7627ms 200 text/html;charset=utf-8 
2020-07-29 20:13:43.9587|1|INFO|Microsoft.AspNetCore.Hosting.Diagnostics|Request starting HTTP/2.0 GET https://localhost:44309/swagger/V1/swagger.json   
2020-07-29 20:13:44.1994|2|INFO|Microsoft.AspNetCore.Hosting.Diagnostics|Request finished in 240.7449ms 200 application/json;charset=utf-8 
2020-07-29 20:14:43.5198|1|INFO|Microsoft.AspNetCore.Hosting.Diagnostics|Request starting HTTP/2.0 OPTIONS https://localhost:44309/api/categories   
2020-07-29 20:14:43.5198|4|INFO|Microsoft.AspNetCore.Cors.Infrastructure.CorsService|CORS policy execution successful. 
2020-07-29 20:14:43.5293|2|INFO|Microsoft.AspNetCore.Hosting.Diagnostics|Request finished in 9.5123ms 204  
2020-07-29 20:14:43.5293|1|INFO|Microsoft.AspNetCore.Hosting.Diagnostics|Request starting HTTP/2.0 GET https://localhost:44309/api/categories   
2020-07-29 20:14:43.5293|4|INFO|Microsoft.AspNetCore.Cors.Infrastructure.CorsService|CORS policy execution successful. 
2020-07-29 20:14:43.5293|4|INFO|Microsoft.AspNetCore.Cors.Infrastructure.CorsService|CORS policy execution successful. 
2020-07-29 20:14:43.9136|2|INFO|Microsoft.AspNetCore.Authentication.JwtBearer.JwtBearerHandler|Successfully validated the token. 
2020-07-29 20:14:43.9136|0|INFO|Microsoft.AspNetCore.Routing.EndpointMiddleware|Executing endpoint 'ECommerce.Api.Controllers.CategoriesController.GetCategories (ECommerce.Api)' 
2020-07-29 20:14:43.9448|3|INFO|Microsoft.AspNetCore.Mvc.Infrastructure.ControllerActionInvoker|Route matched with {action = "GetCategories", controller = "Categories"}. Executing controller action with signature System.Linq.IQueryable`1[ECommerce.Entity.Models.Category] GetCategories() on controller ECommerce.Api.Controllers.CategoriesController (ECommerce.Api). 
2020-07-29 20:14:44.0899|1|INFO|Microsoft.AspNetCore.Mvc.Infrastructure.ObjectResultExecutor|Executing ObjectResult, writing value of type 'System.Collections.Generic.List`1[[ECommerce.Entity.Models.Category, ECommerce.Entity, Version=1.0.0.0, Culture=neutral, PublicKeyToken=null]]'. 
2020-07-29 20:14:44.1050|2|INFO|Microsoft.AspNetCore.Mvc.Infrastructure.ControllerActionInvoker|Executed action ECommerce.Api.Controllers.CategoriesController.GetCategories (ECommerce.Api) in 156.2644ms 
2020-07-29 20:14:44.1050|1|INFO|Microsoft.AspNetCore.Routing.EndpointMiddleware|Executed endpoint 'ECommerce.Api.Controllers.CategoriesController.GetCategories (ECommerce.Api)' 
2020-07-29 20:14:44.1094|2|INFO|Microsoft.AspNetCore.Hosting.Diagnostics|Request finished in 573.0271ms 200 application/json; charset=utf-8 
2020-07-29 20:14:44.1094|1|INFO|Microsoft.AspNetCore.Hosting.Diagnostics|Request starting HTTP/2.0 OPTIONS https://localhost:44309/api/products/0?page=1   
2020-07-29 20:14:44.1094|4|INFO|Microsoft.AspNetCore.Cors.Infrastructure.CorsService|CORS policy execution successful. 
2020-07-29 20:14:44.1094|2|INFO|Microsoft.AspNetCore.Hosting.Diagnostics|Request finished in 1.6271ms 204  
2020-07-29 20:14:44.1237|1|INFO|Microsoft.AspNetCore.Hosting.Diagnostics|Request starting HTTP/2.0 GET https://localhost:44309/api/products/0?page=1   
2020-07-29 20:14:44.1237|4|INFO|Microsoft.AspNetCore.Cors.Infrastructure.CorsService|CORS policy execution successful. 
2020-07-29 20:14:44.1237|4|INFO|Microsoft.AspNetCore.Cors.Infrastructure.CorsService|CORS policy execution successful. 
2020-07-29 20:14:44.1237|2|INFO|Microsoft.AspNetCore.Authentication.JwtBearer.JwtBearerHandler|Successfully validated the token. 
2020-07-29 20:14:44.1237|0|INFO|Microsoft.AspNetCore.Routing.EndpointMiddleware|Executing endpoint 'ECommerce.Api.Controllers.ProductsController.GetProducts (ECommerce.Api)' 
2020-07-29 20:14:44.1412|3|INFO|Microsoft.AspNetCore.Mvc.Infrastructure.ControllerActionInvoker|Route matched with {action = "GetProducts", controller = "Products"}. Executing controller action with signature Microsoft.AspNetCore.Mvc.IActionResult GetProducts(System.Nullable`1[System.Int32], Int32) on controller ECommerce.Api.Controllers.ProductsController (ECommerce.Api). 
2020-07-29 20:14:44.2646|1|INFO|Microsoft.AspNetCore.Mvc.Infrastructure.ObjectResultExecutor|Executing ObjectResult, writing value of type 'ECommerce.Api.Models.ProductListModel'. 
2020-07-29 20:14:44.2646|2|INFO|Microsoft.AspNetCore.Mvc.Infrastructure.ControllerActionInvoker|Executed action ECommerce.Api.Controllers.ProductsController.GetProducts (ECommerce.Api) in 128.9935ms 
2020-07-29 20:14:44.2646|1|INFO|Microsoft.AspNetCore.Routing.EndpointMiddleware|Executed endpoint 'ECommerce.Api.Controllers.ProductsController.GetProducts (ECommerce.Api)' 
2020-07-29 20:14:44.2646|2|INFO|Microsoft.AspNetCore.Hosting.Diagnostics|Request finished in 148.9592ms 200 application/json; charset=utf-8 
2020-07-29 20:14:44.2847|1|INFO|Microsoft.AspNetCore.Hosting.Diagnostics|Request starting HTTP/2.0 GET https://localhost:44309//img/145231269f8840e8a57e0fe512315178209.jpg   
2020-07-29 20:14:44.2847|1|INFO|Microsoft.AspNetCore.Hosting.Diagnostics|Request starting HTTP/2.0 GET https://localhost:44309//img/d7b993857fb6467998f05d8bacbcb617828.jpg   
2020-07-29 20:14:44.2974|6|INFO|Microsoft.AspNetCore.StaticFiles.StaticFileMiddleware|The file //img/d7b993857fb6467998f05d8bacbcb617828.jpg was not modified 
2020-07-29 20:14:44.2974|6|INFO|Microsoft.AspNetCore.StaticFiles.StaticFileMiddleware|The file //img/145231269f8840e8a57e0fe512315178209.jpg was not modified 
2020-07-29 20:14:44.2974|2|INFO|Microsoft.AspNetCore.Hosting.Diagnostics|Request finished in 18.9349ms 304 image/jpeg 
2020-07-29 20:14:44.2974|2|INFO|Microsoft.AspNetCore.Hosting.Diagnostics|Request finished in 18.9356ms 304 image/jpeg 
2020-07-29 20:14:47.6520|1|INFO|Microsoft.AspNetCore.Hosting.Diagnostics|Request starting HTTP/2.0 OPTIONS https://localhost:44309/api/products/getById/20   
2020-07-29 20:14:47.6536|4|INFO|Microsoft.AspNetCore.Cors.Infrastructure.CorsService|CORS policy execution successful. 
2020-07-29 20:14:47.6536|2|INFO|Microsoft.AspNetCore.Hosting.Diagnostics|Request finished in 3.4482ms 204  
2020-07-29 20:14:47.6536|1|INFO|Microsoft.AspNetCore.Hosting.Diagnostics|Request starting HTTP/2.0 GET https://localhost:44309/api/products/getById/20   
2020-07-29 20:14:47.6536|1|INFO|Microsoft.AspNetCore.Hosting.Diagnostics|Request starting HTTP/2.0 GET https://localhost:44309//img/undefined   
2020-07-29 20:14:47.6536|4|INFO|Microsoft.AspNetCore.Cors.Infrastructure.CorsService|CORS policy execution successful. 
2020-07-29 20:14:47.6536|4|INFO|Microsoft.AspNetCore.Cors.Infrastructure.CorsService|CORS policy execution successful. 
2020-07-29 20:14:47.6536|2|INFO|Microsoft.AspNetCore.Authentication.JwtBearer.JwtBearerHandler|Successfully validated the token. 
2020-07-29 20:14:47.6536|0|INFO|Microsoft.AspNetCore.Routing.EndpointMiddleware|Executing endpoint 'ECommerce.Api.Controllers.ProductsController.GetById (ECommerce.Api)' 
2020-07-29 20:14:47.6536|2|INFO|Microsoft.AspNetCore.Hosting.Diagnostics|Request finished in 6.5868ms 404  
2020-07-29 20:14:47.6701|3|INFO|Microsoft.AspNetCore.Mvc.Infrastructure.ControllerActionInvoker|Route matched with {action = "GetById", controller = "Products"}. Executing controller action with signature Microsoft.AspNetCore.Mvc.IActionResult GetById(Int32) on controller ECommerce.Api.Controllers.ProductsController (ECommerce.Api). 
2020-07-29 20:14:47.7566|1|INFO|Microsoft.AspNetCore.Mvc.Infrastructure.ObjectResultExecutor|Executing ObjectResult, writing value of type '<>f__AnonymousType4`7[[System.Int32, System.Private.CoreLib, Version=4.0.0.0, Culture=neutral, PublicKeyToken=7cec85d7bea7798e],[System.String, System.Private.CoreLib, Version=4.0.0.0, Culture=neutral, PublicKeyToken=7cec85d7bea7798e],[System.String, System.Private.CoreLib, Version=4.0.0.0, Culture=neutral, PublicKeyToken=7cec85d7bea7798e],[System.String, System.Private.CoreLib, Version=4.0.0.0, Culture=neutral, PublicKeyToken=7cec85d7bea7798e],[System.Nullable`1[[System.Decimal, System.Private.CoreLib, Version=4.0.0.0, Culture=neutral, PublicKeyToken=7cec85d7bea7798e]], System.Private.CoreLib, Version=4.0.0.0, Culture=neutral, PublicKeyToken=7cec85d7bea7798e],[System.Int32, System.Private.CoreLib, Version=4.0.0.0, Culture=neutral, PublicKeyToken=7cec85d7bea7798e],[System.Collections.Generic.List`1[[<>f__AnonymousType5`3[[System.Int32, System.Private.CoreLib, Version=4.0.0.0, Culture=neutral, PublicKeyToken=7cec85d7bea7798e],[System.Int32, System.Private.CoreLib, Version=4.0.0.0, Culture=neutral, PublicKeyToken=7cec85d7bea7798e],[System.String, System.Private.CoreLib, Version=4.0.0.0, Culture=neutral, PublicKeyToken=7cec85d7bea7798e]], ECommerce.Api, Version=1.0.0.0, Culture=neutral, PublicKeyToken=null]], System.Private.CoreLib, Version=4.0.0.0, Culture=neutral, PublicKeyToken=7cec85d7bea7798e]]'. 
2020-07-29 20:14:47.7566|2|INFO|Microsoft.AspNetCore.Mvc.Infrastructure.ControllerActionInvoker|Executed action ECommerce.Api.Controllers.ProductsController.GetById (ECommerce.Api) in 90.5627ms 
2020-07-29 20:14:47.7566|1|INFO|Microsoft.AspNetCore.Routing.EndpointMiddleware|Executed endpoint 'ECommerce.Api.Controllers.ProductsController.GetById (ECommerce.Api)' 
2020-07-29 20:14:47.7632|2|INFO|Microsoft.AspNetCore.Hosting.Diagnostics|Request finished in 102.525ms 200 application/json; charset=utf-8 
2020-07-29 20:23:24.2725|1|INFO|Microsoft.AspNetCore.Hosting.Diagnostics|Request starting HTTP/2.0 GET https://localhost:44309//img/profile.png   
2020-07-29 20:23:24.3027|2|INFO|Microsoft.AspNetCore.StaticFiles.StaticFileMiddleware|Sending file. Request path: '//img/profile.png'. Physical path: 'C:\Users\malik\Desktop\Projects\ECommerceShop\ECommerce\ECommerce.Api\wwwroot\img\profile.png' 
2020-07-29 20:23:24.3027|2|INFO|Microsoft.AspNetCore.Hosting.Diagnostics|Request finished in 31.7396ms 200 image/png 
2020-07-29 20:24:40.6480|1|INFO|Microsoft.AspNetCore.Hosting.Diagnostics|Request starting HTTP/2.0 GET https://localhost:44309//img/profile.png   
2020-07-29 20:24:40.6653|2|INFO|Microsoft.AspNetCore.StaticFiles.StaticFileMiddleware|Sending file. Request path: '//img/profile.png'. Physical path: 'C:\Users\malik\Desktop\Projects\ECommerceShop\ECommerce\ECommerce.Api\wwwroot\img\profile.png' 
2020-07-29 20:24:40.6653|2|INFO|Microsoft.AspNetCore.Hosting.Diagnostics|Request finished in 20.8377ms 200 image/png 
2020-07-29 20:25:33.5980|1|INFO|Microsoft.AspNetCore.Hosting.Diagnostics|Request starting HTTP/2.0 GET https://localhost:44309//img/profile.png   
2020-07-29 20:25:33.6085|2|INFO|Microsoft.AspNetCore.StaticFiles.StaticFileMiddleware|Sending file. Request path: '//img/profile.png'. Physical path: 'C:\Users\malik\Desktop\Projects\ECommerceShop\ECommerce\ECommerce.Api\wwwroot\img\profile.png' 
2020-07-29 20:25:33.6085|2|INFO|Microsoft.AspNetCore.Hosting.Diagnostics|Request finished in 18.8274ms 200 image/png 
2020-07-29 20:26:12.5762|1|INFO|Microsoft.AspNetCore.Hosting.Diagnostics|Request starting HTTP/2.0 GET https://localhost:44309//img/profile.png   
2020-07-29 20:26:12.5762|2|INFO|Microsoft.AspNetCore.StaticFiles.StaticFileMiddleware|Sending file. Request path: '//img/profile.png'. Physical path: 'C:\Users\malik\Desktop\Projects\ECommerceShop\ECommerce\ECommerce.Api\wwwroot\img\profile.png' 
2020-07-29 20:26:12.5762|2|INFO|Microsoft.AspNetCore.Hosting.Diagnostics|Request finished in 14.7309ms 200 image/png 
2020-07-29 20:27:36.1462|1|INFO|Microsoft.AspNetCore.Hosting.Diagnostics|Request starting HTTP/2.0 GET https://localhost:44309//img/profile.png   
2020-07-29 20:27:36.1588|2|INFO|Microsoft.AspNetCore.StaticFiles.StaticFileMiddleware|Sending file. Request path: '//img/profile.png'. Physical path: 'C:\Users\malik\Desktop\Projects\ECommerceShop\ECommerce\ECommerce.Api\wwwroot\img\profile.png' 
2020-07-29 20:27:36.1588|2|INFO|Microsoft.AspNetCore.Hosting.Diagnostics|Request finished in 15.1961ms 200 image/png 
2020-07-29 20:27:56.5442|1|INFO|Microsoft.AspNetCore.Hosting.Diagnostics|Request starting HTTP/2.0 GET https://localhost:44309//img/profile.png   
2020-07-29 20:27:56.5559|2|INFO|Microsoft.AspNetCore.StaticFiles.StaticFileMiddleware|Sending file. Request path: '//img/profile.png'. Physical path: 'C:\Users\malik\Desktop\Projects\ECommerceShop\ECommerce\ECommerce.Api\wwwroot\img\profile.png' 
2020-07-29 20:27:56.5621|2|INFO|Microsoft.AspNetCore.Hosting.Diagnostics|Request finished in 17.9684ms 200 image/png 
2020-07-29 20:28:04.5336|1|INFO|Microsoft.AspNetCore.Hosting.Diagnostics|Request starting HTTP/2.0 GET https://localhost:44309//img/profile.png   
2020-07-29 20:28:04.5336|2|INFO|Microsoft.AspNetCore.StaticFiles.StaticFileMiddleware|Sending file. Request path: '//img/profile.png'. Physical path: 'C:\Users\malik\Desktop\Projects\ECommerceShop\ECommerce\ECommerce.Api\wwwroot\img\profile.png' 
2020-07-29 20:28:04.5447|2|INFO|Microsoft.AspNetCore.Hosting.Diagnostics|Request finished in 11.1196ms 200 image/png 
2020-07-29 20:28:35.2782|1|INFO|Microsoft.AspNetCore.Hosting.Diagnostics|Request starting HTTP/2.0 GET https://localhost:44309//img/profile.png   
2020-07-29 20:28:35.3042|2|INFO|Microsoft.AspNetCore.StaticFiles.StaticFileMiddleware|Sending file. Request path: '//img/profile.png'. Physical path: 'C:\Users\malik\Desktop\Projects\ECommerceShop\ECommerce\ECommerce.Api\wwwroot\img\profile.png' 
2020-07-29 20:28:35.3042|2|INFO|Microsoft.AspNetCore.Hosting.Diagnostics|Request finished in 27.7782ms 200 image/png 
2020-07-29 20:28:41.3639|1|INFO|Microsoft.AspNetCore.Hosting.Diagnostics|Request starting HTTP/2.0 GET https://localhost:44309//img/profile.png   
2020-07-29 20:28:41.3770|2|INFO|Microsoft.AspNetCore.StaticFiles.StaticFileMiddleware|Sending file. Request path: '//img/profile.png'. Physical path: 'C:\Users\malik\Desktop\Projects\ECommerceShop\ECommerce\ECommerce.Api\wwwroot\img\profile.png' 
2020-07-29 20:28:41.3770|2|INFO|Microsoft.AspNetCore.Hosting.Diagnostics|Request finished in 19.3531ms 200 image/png 
2020-07-29 20:30:11.1912|1|INFO|Microsoft.AspNetCore.Hosting.Diagnostics|Request starting HTTP/2.0 GET https://localhost:44309//img/profile.png   
2020-07-29 20:30:11.1912|2|INFO|Microsoft.AspNetCore.StaticFiles.StaticFileMiddleware|Sending file. Request path: '//img/profile.png'. Physical path: 'C:\Users\malik\Desktop\Projects\ECommerceShop\ECommerce\ECommerce.Api\wwwroot\img\profile.png' 
2020-07-29 20:30:11.2044|2|INFO|Microsoft.AspNetCore.Hosting.Diagnostics|Request finished in 13.2446ms 200 image/png 
2020-07-29 20:30:23.7101|1|INFO|Microsoft.AspNetCore.Hosting.Diagnostics|Request starting HTTP/2.0 GET https://localhost:44309//img/profile.png   
2020-07-29 20:30:23.7261|2|INFO|Microsoft.AspNetCore.StaticFiles.StaticFileMiddleware|Sending file. Request path: '//img/profile.png'. Physical path: 'C:\Users\malik\Desktop\Projects\ECommerceShop\ECommerce\ECommerce.Api\wwwroot\img\profile.png' 
2020-07-29 20:30:23.7261|2|INFO|Microsoft.AspNetCore.Hosting.Diagnostics|Request finished in 17.2827ms 200 image/png 
2020-07-29 21:45:21.8231||INFO|Microsoft.AspNetCore.DataProtection.KeyManagement.XmlKeyManager|User profile is available. Using 'C:\Users\malik\AppData\Local\ASP.NET\DataProtection-Keys' as key repository and Windows DPAPI to encrypt keys at rest. 
2020-07-29 21:45:23.3963||INFO|Microsoft.Hosting.Lifetime|Application started. Press Ctrl+C to shut down. 
2020-07-29 21:45:23.3963||INFO|Microsoft.Hosting.Lifetime|Hosting environment: Development 
2020-07-29 21:45:23.4087||INFO|Microsoft.Hosting.Lifetime|Content root path: C:\Users\malik\Desktop\Projects\ECommerceShop\ECommerce\ECommerce.Api 
2020-07-29 21:45:23.4490|1|INFO|Microsoft.AspNetCore.Hosting.Diagnostics|Request starting HTTP/2.0 GET https://localhost:44309/swagger/index.html   
2020-07-29 21:45:23.5454|2|INFO|Microsoft.AspNetCore.Hosting.Diagnostics|Request finished in 96.9026ms 200 text/html;charset=utf-8 
2020-07-29 21:45:23.7010|1|INFO|Microsoft.AspNetCore.Hosting.Diagnostics|Request starting HTTP/2.0 GET https://localhost:44309/swagger/V1/swagger.json   
2020-07-29 21:45:23.8316|2|INFO|Microsoft.AspNetCore.Hosting.Diagnostics|Request finished in 130.5695ms 200 application/json;charset=utf-8 
2020-07-29 21:45:32.4640|1|INFO|Microsoft.AspNetCore.Hosting.Diagnostics|Request starting HTTP/2.0 GET https://localhost:44309//img/profile.png   
2020-07-29 21:45:32.4672|1|INFO|Microsoft.AspNetCore.Hosting.Diagnostics|Request starting HTTP/2.0 OPTIONS https://localhost:44309/api/categories   
2020-07-29 21:45:32.4672|4|INFO|Microsoft.AspNetCore.Cors.Infrastructure.CorsService|CORS policy execution successful. 
2020-07-29 21:45:32.4672|2|INFO|Microsoft.AspNetCore.Hosting.Diagnostics|Request finished in 5.7287ms 204  
2020-07-29 21:45:32.4672|1|INFO|Microsoft.AspNetCore.Hosting.Diagnostics|Request starting HTTP/2.0 GET https://localhost:44309/api/categories   
2020-07-29 21:45:32.4970|4|INFO|Microsoft.AspNetCore.Cors.Infrastructure.CorsService|CORS policy execution successful. 
2020-07-29 21:45:32.4970|4|INFO|Microsoft.AspNetCore.Cors.Infrastructure.CorsService|CORS policy execution successful. 
2020-07-29 21:45:32.4970|2|INFO|Microsoft.AspNetCore.StaticFiles.StaticFileMiddleware|Sending file. Request path: '//img/profile.png'. Physical path: 'C:\Users\malik\Desktop\Projects\ECommerceShop\ECommerce\ECommerce.Api\wwwroot\img\profile.png' 
2020-07-29 21:45:32.4970|2|INFO|Microsoft.AspNetCore.Hosting.Diagnostics|Request finished in 40.2191ms 200 image/png 
2020-07-29 21:45:32.8266|2|INFO|Microsoft.AspNetCore.Authentication.JwtBearer.JwtBearerHandler|Successfully validated the token. 
2020-07-29 21:45:32.8266|0|INFO|Microsoft.AspNetCore.Routing.EndpointMiddleware|Executing endpoint 'ECommerce.Api.Controllers.CategoriesController.GetCategories (ECommerce.Api)' 
2020-07-29 21:45:32.8525|3|INFO|Microsoft.AspNetCore.Mvc.Infrastructure.ControllerActionInvoker|Route matched with {action = "GetCategories", controller = "Categories"}. Executing controller action with signature System.Linq.IQueryable`1[ECommerce.Entity.Models.Category] GetCategories() on controller ECommerce.Api.Controllers.CategoriesController (ECommerce.Api). 
2020-07-29 21:45:33.0465|1|INFO|Microsoft.AspNetCore.Mvc.Infrastructure.ObjectResultExecutor|Executing ObjectResult, writing value of type 'System.Collections.Generic.List`1[[ECommerce.Entity.Models.Category, ECommerce.Entity, Version=1.0.0.0, Culture=neutral, PublicKeyToken=null]]'. 
2020-07-29 21:45:33.0632|2|INFO|Microsoft.AspNetCore.Mvc.Infrastructure.ControllerActionInvoker|Executed action ECommerce.Api.Controllers.CategoriesController.GetCategories (ECommerce.Api) in 206.9139ms 
2020-07-29 21:45:33.0632|1|INFO|Microsoft.AspNetCore.Routing.EndpointMiddleware|Executed endpoint 'ECommerce.Api.Controllers.CategoriesController.GetCategories (ECommerce.Api)' 
2020-07-29 21:45:33.0632|2|INFO|Microsoft.AspNetCore.Hosting.Diagnostics|Request finished in 591.1005ms 200 application/json; charset=utf-8 
2020-07-29 21:45:33.0768|1|INFO|Microsoft.AspNetCore.Hosting.Diagnostics|Request starting HTTP/2.0 OPTIONS https://localhost:44309/api/products/0?page=1   
2020-07-29 21:45:33.0768|4|INFO|Microsoft.AspNetCore.Cors.Infrastructure.CorsService|CORS policy execution successful. 
2020-07-29 21:45:33.0768|2|INFO|Microsoft.AspNetCore.Hosting.Diagnostics|Request finished in 1.6612ms 204  
2020-07-29 21:45:33.0768|1|INFO|Microsoft.AspNetCore.Hosting.Diagnostics|Request starting HTTP/2.0 GET https://localhost:44309/api/products/0?page=1   
2020-07-29 21:45:33.0768|4|INFO|Microsoft.AspNetCore.Cors.Infrastructure.CorsService|CORS policy execution successful. 
2020-07-29 21:45:33.0768|4|INFO|Microsoft.AspNetCore.Cors.Infrastructure.CorsService|CORS policy execution successful. 
2020-07-29 21:45:33.0768|2|INFO|Microsoft.AspNetCore.Authentication.JwtBearer.JwtBearerHandler|Successfully validated the token. 
2020-07-29 21:45:33.0768|0|INFO|Microsoft.AspNetCore.Routing.EndpointMiddleware|Executing endpoint 'ECommerce.Api.Controllers.ProductsController.GetProducts (ECommerce.Api)' 
2020-07-29 21:45:33.1038|3|INFO|Microsoft.AspNetCore.Mvc.Infrastructure.ControllerActionInvoker|Route matched with {action = "GetProducts", controller = "Products"}. Executing controller action with signature Microsoft.AspNetCore.Mvc.IActionResult GetProducts(System.Nullable`1[System.Int32], Int32) on controller ECommerce.Api.Controllers.ProductsController (ECommerce.Api). 
2020-07-29 21:45:33.2450|1|INFO|Microsoft.AspNetCore.Mvc.Infrastructure.ObjectResultExecutor|Executing ObjectResult, writing value of type 'ECommerce.Api.Models.ProductListModel'. 
2020-07-29 21:45:33.2573|2|INFO|Microsoft.AspNetCore.Mvc.Infrastructure.ControllerActionInvoker|Executed action ECommerce.Api.Controllers.ProductsController.GetProducts (ECommerce.Api) in 151.9029ms 
2020-07-29 21:45:33.2573|1|INFO|Microsoft.AspNetCore.Routing.EndpointMiddleware|Executed endpoint 'ECommerce.Api.Controllers.ProductsController.GetProducts (ECommerce.Api)' 
2020-07-29 21:45:33.2573|2|INFO|Microsoft.AspNetCore.Hosting.Diagnostics|Request finished in 177.8623ms 200 application/json; charset=utf-8 
2020-07-29 21:46:09.0542|1|INFO|Microsoft.AspNetCore.Hosting.Diagnostics|Request starting HTTP/2.0 OPTIONS https://localhost:44309/api/orders   
2020-07-29 21:46:09.0542|4|INFO|Microsoft.AspNetCore.Cors.Infrastructure.CorsService|CORS policy execution successful. 
2020-07-29 21:46:09.0580|2|INFO|Microsoft.AspNetCore.Hosting.Diagnostics|Request finished in 6.0434ms 204  
2020-07-29 21:46:09.0580|1|INFO|Microsoft.AspNetCore.Hosting.Diagnostics|Request starting HTTP/2.0 POST https://localhost:44309/api/orders application/json;charset=UTF-8 304 
2020-07-29 21:46:09.0738|4|INFO|Microsoft.AspNetCore.Cors.Infrastructure.CorsService|CORS policy execution successful. 
2020-07-29 21:46:09.0738|4|INFO|Microsoft.AspNetCore.Cors.Infrastructure.CorsService|CORS policy execution successful. 
2020-07-29 21:46:09.0738|2|INFO|Microsoft.AspNetCore.Authentication.JwtBearer.JwtBearerHandler|Successfully validated the token. 
2020-07-29 21:46:09.0738|0|INFO|Microsoft.AspNetCore.Routing.EndpointMiddleware|Executing endpoint 'ECommerce.Api.Controllers.OrdersController.Checkout (ECommerce.Api)' 
2020-07-29 21:46:09.0738|3|INFO|Microsoft.AspNetCore.Mvc.Infrastructure.ControllerActionInvoker|Route matched with {action = "Checkout", controller = "Orders"}. Executing controller action with signature Microsoft.AspNetCore.Mvc.IActionResult Checkout(ECommerce.Api.Models.OrderModel) on controller ECommerce.Api.Controllers.OrdersController (ECommerce.Api). 
2020-07-29 21:46:09.1129|1|INFO|Microsoft.AspNetCore.Mvc.Infrastructure.ObjectResultExecutor|Executing ObjectResult, writing value of type 'Microsoft.AspNetCore.Mvc.ValidationProblemDetails'. 
2020-07-29 21:46:09.1129|2|INFO|Microsoft.AspNetCore.Mvc.Infrastructure.ControllerActionInvoker|Executed action ECommerce.Api.Controllers.OrdersController.Checkout (ECommerce.Api) in 33.7942ms 
2020-07-29 21:46:09.1227|1|INFO|Microsoft.AspNetCore.Routing.EndpointMiddleware|Executed endpoint 'ECommerce.Api.Controllers.OrdersController.Checkout (ECommerce.Api)' 
2020-07-29 21:46:09.1227|2|INFO|Microsoft.AspNetCore.Hosting.Diagnostics|Request finished in 54.7675ms 400 application/problem+json; charset=utf-8 
2020-07-29 21:46:16.7349|1|INFO|Microsoft.AspNetCore.Hosting.Diagnostics|Request starting HTTP/2.0 OPTIONS https://localhost:44309/api/orders   
2020-07-29 21:46:16.7349|4|INFO|Microsoft.AspNetCore.Cors.Infrastructure.CorsService|CORS policy execution successful. 
2020-07-29 21:46:16.7349|2|INFO|Microsoft.AspNetCore.Hosting.Diagnostics|Request finished in 4.0382ms 204  
2020-07-29 21:46:16.7349|1|INFO|Microsoft.AspNetCore.Hosting.Diagnostics|Request starting HTTP/2.0 POST https://localhost:44309/api/orders application/json;charset=UTF-8 347 
2020-07-29 21:46:16.7349|4|INFO|Microsoft.AspNetCore.Cors.Infrastructure.CorsService|CORS policy execution successful. 
2020-07-29 21:46:16.7349|4|INFO|Microsoft.AspNetCore.Cors.Infrastructure.CorsService|CORS policy execution successful. 
2020-07-29 21:46:16.7349|2|INFO|Microsoft.AspNetCore.Authentication.JwtBearer.JwtBearerHandler|Successfully validated the token. 
2020-07-29 21:46:16.7476|0|INFO|Microsoft.AspNetCore.Routing.EndpointMiddleware|Executing endpoint 'ECommerce.Api.Controllers.OrdersController.Checkout (ECommerce.Api)' 
2020-07-29 21:46:16.7476|3|INFO|Microsoft.AspNetCore.Mvc.Infrastructure.ControllerActionInvoker|Route matched with {action = "Checkout", controller = "Orders"}. Executing controller action with signature Microsoft.AspNetCore.Mvc.IActionResult Checkout(ECommerce.Api.Models.OrderModel) on controller ECommerce.Api.Controllers.OrdersController (ECommerce.Api). 
2020-07-29 21:46:16.7476|1|INFO|Microsoft.AspNetCore.Mvc.Infrastructure.ObjectResultExecutor|Executing ObjectResult, writing value of type 'Microsoft.AspNetCore.Mvc.ValidationProblemDetails'. 
2020-07-29 21:46:16.7476|2|INFO|Microsoft.AspNetCore.Mvc.Infrastructure.ControllerActionInvoker|Executed action ECommerce.Api.Controllers.OrdersController.Checkout (ECommerce.Api) in 4.8604ms 
2020-07-29 21:46:16.7476|1|INFO|Microsoft.AspNetCore.Routing.EndpointMiddleware|Executed endpoint 'ECommerce.Api.Controllers.OrdersController.Checkout (ECommerce.Api)' 
2020-07-29 21:46:16.7476|2|INFO|Microsoft.AspNetCore.Hosting.Diagnostics|Request finished in 16.0828ms 400 application/problem+json; charset=utf-8 
2020-07-29 21:46:50.0493||INFO|Microsoft.AspNetCore.DataProtection.KeyManagement.XmlKeyManager|User profile is available. Using 'C:\Users\malik\AppData\Local\ASP.NET\DataProtection-Keys' as key repository and Windows DPAPI to encrypt keys at rest. 
2020-07-29 21:46:51.3957||INFO|Microsoft.Hosting.Lifetime|Application started. Press Ctrl+C to shut down. 
2020-07-29 21:46:51.4119||INFO|Microsoft.Hosting.Lifetime|Hosting environment: Development 
2020-07-29 21:46:51.4119||INFO|Microsoft.Hosting.Lifetime|Content root path: C:\Users\malik\Desktop\Projects\ECommerceShop\ECommerce\ECommerce.Api 
2020-07-29 21:46:51.4361|1|INFO|Microsoft.AspNetCore.Hosting.Diagnostics|Request starting HTTP/2.0 GET https://localhost:44309/swagger/index.html   
2020-07-29 21:46:51.5341|2|INFO|Microsoft.AspNetCore.Hosting.Diagnostics|Request finished in 94.7194ms 200 text/html;charset=utf-8 
2020-07-29 21:46:51.7271|1|INFO|Microsoft.AspNetCore.Hosting.Diagnostics|Request starting HTTP/2.0 GET https://localhost:44309/swagger/V1/swagger.json   
2020-07-29 21:46:51.8927|2|INFO|Microsoft.AspNetCore.Hosting.Diagnostics|Request finished in 165.5888ms 200 application/json;charset=utf-8 
2020-07-29 21:46:58.0242|1|INFO|Microsoft.AspNetCore.Hosting.Diagnostics|Request starting HTTP/2.0 OPTIONS https://localhost:44309/api/orders   
2020-07-29 21:46:58.0275|4|INFO|Microsoft.AspNetCore.Cors.Infrastructure.CorsService|CORS policy execution successful. 
2020-07-29 21:46:58.0275|2|INFO|Microsoft.AspNetCore.Hosting.Diagnostics|Request finished in 6.4693ms 204  
2020-07-29 21:46:58.0275|1|INFO|Microsoft.AspNetCore.Hosting.Diagnostics|Request starting HTTP/2.0 POST https://localhost:44309/api/orders application/json;charset=UTF-8 390 
2020-07-29 21:46:58.0275|4|INFO|Microsoft.AspNetCore.Cors.Infrastructure.CorsService|CORS policy execution successful. 
2020-07-29 21:46:58.0275|4|INFO|Microsoft.AspNetCore.Cors.Infrastructure.CorsService|CORS policy execution successful. 
2020-07-29 21:46:58.3164|2|INFO|Microsoft.AspNetCore.Authentication.JwtBearer.JwtBearerHandler|Successfully validated the token. 
2020-07-29 21:46:58.3164|0|INFO|Microsoft.AspNetCore.Routing.EndpointMiddleware|Executing endpoint 'ECommerce.Api.Controllers.OrdersController.Checkout (ECommerce.Api)' 
2020-07-29 21:46:58.3425|3|INFO|Microsoft.AspNetCore.Mvc.Infrastructure.ControllerActionInvoker|Route matched with {action = "Checkout", controller = "Orders"}. Executing controller action with signature Microsoft.AspNetCore.Mvc.IActionResult Checkout(ECommerce.Api.Models.OrderModel) on controller ECommerce.Api.Controllers.OrdersController (ECommerce.Api). 
2020-07-29 21:46:58.3738|1|INFO|Microsoft.AspNetCore.Mvc.Infrastructure.ObjectResultExecutor|Executing ObjectResult, writing value of type 'Microsoft.AspNetCore.Mvc.ValidationProblemDetails'. 
2020-07-29 21:46:58.3738|2|INFO|Microsoft.AspNetCore.Mvc.Infrastructure.ControllerActionInvoker|Executed action ECommerce.Api.Controllers.OrdersController.Checkout (ECommerce.Api) in 36.1373ms 
2020-07-29 21:46:58.3861|1|INFO|Microsoft.AspNetCore.Routing.EndpointMiddleware|Executed endpoint 'ECommerce.Api.Controllers.OrdersController.Checkout (ECommerce.Api)' 
2020-07-29 21:46:58.3861|2|INFO|Microsoft.AspNetCore.Hosting.Diagnostics|Request finished in 351.218ms 400 application/problem+json; charset=utf-8 
2020-07-29 21:48:20.6766|1|INFO|Microsoft.AspNetCore.Hosting.Diagnostics|Request starting HTTP/2.0 OPTIONS https://localhost:44309/api/orders   
2020-07-29 21:48:20.6766|4|INFO|Microsoft.AspNetCore.Cors.Infrastructure.CorsService|CORS policy execution successful. 
2020-07-29 21:48:20.6867|2|INFO|Microsoft.AspNetCore.Hosting.Diagnostics|Request finished in 10.339ms 204  
2020-07-29 21:48:20.6867|1|INFO|Microsoft.AspNetCore.Hosting.Diagnostics|Request starting HTTP/2.0 POST https://localhost:44309/api/orders application/json;charset=UTF-8 307 
2020-07-29 21:48:20.6867|4|INFO|Microsoft.AspNetCore.Cors.Infrastructure.CorsService|CORS policy execution successful. 
2020-07-29 21:48:20.6867|4|INFO|Microsoft.AspNetCore.Cors.Infrastructure.CorsService|CORS policy execution successful. 
2020-07-29 21:48:20.7052|2|INFO|Microsoft.AspNetCore.Authentication.JwtBearer.JwtBearerHandler|Successfully validated the token. 
2020-07-29 21:48:20.7052|0|INFO|Microsoft.AspNetCore.Routing.EndpointMiddleware|Executing endpoint 'ECommerce.Api.Controllers.OrdersController.Checkout (ECommerce.Api)' 
2020-07-29 21:48:20.7052|3|INFO|Microsoft.AspNetCore.Mvc.Infrastructure.ControllerActionInvoker|Route matched with {action = "Checkout", controller = "Orders"}. Executing controller action with signature Microsoft.AspNetCore.Mvc.IActionResult Checkout(ECommerce.Api.Models.OrderModel) on controller ECommerce.Api.Controllers.OrdersController (ECommerce.Api). 
2020-07-29 21:48:20.7180|1|INFO|Microsoft.AspNetCore.Mvc.Infrastructure.ObjectResultExecutor|Executing ObjectResult, writing value of type 'Microsoft.AspNetCore.Mvc.ValidationProblemDetails'. 
2020-07-29 21:48:20.7180|2|INFO|Microsoft.AspNetCore.Mvc.Infrastructure.ControllerActionInvoker|Executed action ECommerce.Api.Controllers.OrdersController.Checkout (ECommerce.Api) in 5.2536ms 
2020-07-29 21:48:20.7303|1|INFO|Microsoft.AspNetCore.Routing.EndpointMiddleware|Executed endpoint 'ECommerce.Api.Controllers.OrdersController.Checkout (ECommerce.Api)' 
2020-07-29 21:48:20.7303|2|INFO|Microsoft.AspNetCore.Hosting.Diagnostics|Request finished in 38.9583ms 400 application/problem+json; charset=utf-8 
2020-07-29 21:49:05.6817||INFO|Microsoft.AspNetCore.DataProtection.KeyManagement.XmlKeyManager|User profile is available. Using 'C:\Users\malik\AppData\Local\ASP.NET\DataProtection-Keys' as key repository and Windows DPAPI to encrypt keys at rest. 
2020-07-29 21:49:06.9262||INFO|Microsoft.Hosting.Lifetime|Application started. Press Ctrl+C to shut down. 
2020-07-29 21:49:06.9398||INFO|Microsoft.Hosting.Lifetime|Hosting environment: Development 
2020-07-29 21:49:06.9398||INFO|Microsoft.Hosting.Lifetime|Content root path: C:\Users\malik\Desktop\Projects\ECommerceShop\ECommerce\ECommerce.Api 
2020-07-29 21:49:06.9589|1|INFO|Microsoft.AspNetCore.Hosting.Diagnostics|Request starting HTTP/2.0 GET https://localhost:44309/swagger/index.html   
2020-07-29 21:49:07.0461|2|INFO|Microsoft.AspNetCore.Hosting.Diagnostics|Request finished in 88.0266ms 200 text/html;charset=utf-8 
2020-07-29 21:49:08.0576|1|INFO|Microsoft.AspNetCore.Hosting.Diagnostics|Request starting HTTP/2.0 GET https://localhost:44309/swagger/V1/swagger.json   
2020-07-29 21:49:08.1752|2|INFO|Microsoft.AspNetCore.Hosting.Diagnostics|Request finished in 117.7422ms 200 application/json;charset=utf-8 
2020-07-29 21:49:11.2304|1|INFO|Microsoft.AspNetCore.Hosting.Diagnostics|Request starting HTTP/2.0 OPTIONS https://localhost:44309/api/orders   
2020-07-29 21:49:11.2304|4|INFO|Microsoft.AspNetCore.Cors.Infrastructure.CorsService|CORS policy execution successful. 
2020-07-29 21:49:11.2304|2|INFO|Microsoft.AspNetCore.Hosting.Diagnostics|Request finished in 11.4519ms 204  
2020-07-29 21:49:11.2491|1|INFO|Microsoft.AspNetCore.Hosting.Diagnostics|Request starting HTTP/2.0 POST https://localhost:44309/api/orders application/json;charset=UTF-8 350 
2020-07-29 21:49:11.2491|4|INFO|Microsoft.AspNetCore.Cors.Infrastructure.CorsService|CORS policy execution successful. 
2020-07-29 21:49:11.2491|4|INFO|Microsoft.AspNetCore.Cors.Infrastructure.CorsService|CORS policy execution successful. 
2020-07-29 21:49:11.5110|2|INFO|Microsoft.AspNetCore.Authentication.JwtBearer.JwtBearerHandler|Successfully validated the token. 
2020-07-29 21:49:11.5110|0|INFO|Microsoft.AspNetCore.Routing.EndpointMiddleware|Executing endpoint 'ECommerce.Api.Controllers.OrdersController.Checkout (ECommerce.Api)' 
2020-07-29 21:49:11.5355|3|INFO|Microsoft.AspNetCore.Mvc.Infrastructure.ControllerActionInvoker|Route matched with {action = "Checkout", controller = "Orders"}. Executing controller action with signature Microsoft.AspNetCore.Mvc.IActionResult Checkout(ECommerce.Api.Models.OrderModel) on controller ECommerce.Api.Controllers.OrdersController (ECommerce.Api). 
2020-07-29 21:49:11.5887|1|INFO|Microsoft.AspNetCore.Mvc.Infrastructure.ObjectResultExecutor|Executing ObjectResult, writing value of type 'Microsoft.AspNetCore.Mvc.ValidationProblemDetails'. 
2020-07-29 21:49:11.5887|2|INFO|Microsoft.AspNetCore.Mvc.Infrastructure.ControllerActionInvoker|Executed action ECommerce.Api.Controllers.OrdersController.Checkout (ECommerce.Api) in 59.6235ms 
2020-07-29 21:49:11.6047|1|INFO|Microsoft.AspNetCore.Routing.EndpointMiddleware|Executed endpoint 'ECommerce.Api.Controllers.OrdersController.Checkout (ECommerce.Api)' 
2020-07-29 21:49:11.6047|2|INFO|Microsoft.AspNetCore.Hosting.Diagnostics|Request finished in 357.0422ms 400 application/problem+json; charset=utf-8 
2020-07-29 21:49:36.1403||INFO|Microsoft.AspNetCore.DataProtection.KeyManagement.XmlKeyManager|User profile is available. Using 'C:\Users\malik\AppData\Local\ASP.NET\DataProtection-Keys' as key repository and Windows DPAPI to encrypt keys at rest. 
2020-07-29 21:49:37.3902||INFO|Microsoft.Hosting.Lifetime|Application started. Press Ctrl+C to shut down. 
2020-07-29 21:49:37.4259||INFO|Microsoft.Hosting.Lifetime|Hosting environment: Development 
2020-07-29 21:49:37.4259||INFO|Microsoft.Hosting.Lifetime|Content root path: C:\Users\malik\Desktop\Projects\ECommerceShop\ECommerce\ECommerce.Api 
2020-07-29 21:49:37.4493|1|INFO|Microsoft.AspNetCore.Hosting.Diagnostics|Request starting HTTP/2.0 GET https://localhost:44309/swagger/index.html   
2020-07-29 21:49:37.5292|2|INFO|Microsoft.AspNetCore.Hosting.Diagnostics|Request finished in 80.6408ms 200 text/html;charset=utf-8 
2020-07-29 21:49:37.7019|1|INFO|Microsoft.AspNetCore.Hosting.Diagnostics|Request starting HTTP/2.0 GET https://localhost:44309/swagger/V1/swagger.json   
2020-07-29 21:49:37.8258|2|INFO|Microsoft.AspNetCore.Hosting.Diagnostics|Request finished in 123.9619ms 200 application/json;charset=utf-8 
2020-07-29 21:49:41.0768|1|INFO|Microsoft.AspNetCore.Hosting.Diagnostics|Request starting HTTP/2.0 OPTIONS https://localhost:44309/api/orders   
2020-07-29 21:49:41.0768|4|INFO|Microsoft.AspNetCore.Cors.Infrastructure.CorsService|CORS policy execution successful. 
2020-07-29 21:49:41.0768|2|INFO|Microsoft.AspNetCore.Hosting.Diagnostics|Request finished in 7.2594ms 204  
2020-07-29 21:49:41.1126|1|INFO|Microsoft.AspNetCore.Hosting.Diagnostics|Request starting HTTP/2.0 POST https://localhost:44309/api/orders application/json;charset=UTF-8 393 
2020-07-29 21:49:41.1126|4|INFO|Microsoft.AspNetCore.Cors.Infrastructure.CorsService|CORS policy execution successful. 
2020-07-29 21:49:41.1126|4|INFO|Microsoft.AspNetCore.Cors.Infrastructure.CorsService|CORS policy execution successful. 
2020-07-29 21:49:41.3741|2|INFO|Microsoft.AspNetCore.Authentication.JwtBearer.JwtBearerHandler|Successfully validated the token. 
2020-07-29 21:49:41.3741|0|INFO|Microsoft.AspNetCore.Routing.EndpointMiddleware|Executing endpoint 'ECommerce.Api.Controllers.OrdersController.Checkout (ECommerce.Api)' 
2020-07-29 21:49:41.4122|3|INFO|Microsoft.AspNetCore.Mvc.Infrastructure.ControllerActionInvoker|Route matched with {action = "Checkout", controller = "Orders"}. Executing controller action with signature Microsoft.AspNetCore.Mvc.IActionResult Checkout(ECommerce.Api.Models.OrderModel) on controller ECommerce.Api.Controllers.OrdersController (ECommerce.Api). 
2020-07-29 21:49:41.4458|1|INFO|Microsoft.AspNetCore.Mvc.Infrastructure.ObjectResultExecutor|Executing ObjectResult, writing value of type 'Microsoft.AspNetCore.Mvc.ValidationProblemDetails'. 
2020-07-29 21:49:41.4523|2|INFO|Microsoft.AspNetCore.Mvc.Infrastructure.ControllerActionInvoker|Executed action ECommerce.Api.Controllers.OrdersController.Checkout (ECommerce.Api) in 36.6149ms 
2020-07-29 21:49:41.4523|1|INFO|Microsoft.AspNetCore.Routing.EndpointMiddleware|Executed endpoint 'ECommerce.Api.Controllers.OrdersController.Checkout (ECommerce.Api)' 
2020-07-29 21:49:41.4523|2|INFO|Microsoft.AspNetCore.Hosting.Diagnostics|Request finished in 341.9315ms 400 application/problem+json; charset=utf-8 
2020-07-29 21:50:22.2764||INFO|Microsoft.AspNetCore.DataProtection.KeyManagement.XmlKeyManager|User profile is available. Using 'C:\Users\malik\AppData\Local\ASP.NET\DataProtection-Keys' as key repository and Windows DPAPI to encrypt keys at rest. 
2020-07-29 21:50:23.7623||INFO|Microsoft.Hosting.Lifetime|Application started. Press Ctrl+C to shut down. 
2020-07-29 21:50:23.7623||INFO|Microsoft.Hosting.Lifetime|Hosting environment: Development 
2020-07-29 21:50:23.7810||INFO|Microsoft.Hosting.Lifetime|Content root path: C:\Users\malik\Desktop\Projects\ECommerceShop\ECommerce\ECommerce.Api 
2020-07-29 21:50:23.8053|1|INFO|Microsoft.AspNetCore.Hosting.Diagnostics|Request starting HTTP/2.0 GET https://localhost:44309/swagger/index.html   
2020-07-29 21:50:23.9019|2|INFO|Microsoft.AspNetCore.Hosting.Diagnostics|Request finished in 97.4558ms 200 text/html;charset=utf-8 
2020-07-29 21:50:25.0687|1|INFO|Microsoft.AspNetCore.Hosting.Diagnostics|Request starting HTTP/2.0 GET https://localhost:44309/swagger/V1/swagger.json   
2020-07-29 21:50:25.2438|2|INFO|Microsoft.AspNetCore.Hosting.Diagnostics|Request finished in 175.2842ms 200 application/json;charset=utf-8 
2020-07-29 21:51:40.7335|1|INFO|Microsoft.AspNetCore.Hosting.Diagnostics|Request starting HTTP/2.0 OPTIONS https://localhost:44309/api/orders   
2020-07-29 21:51:40.7335|4|INFO|Microsoft.AspNetCore.Cors.Infrastructure.CorsService|CORS policy execution successful. 
2020-07-29 21:51:40.7547|2|INFO|Microsoft.AspNetCore.Hosting.Diagnostics|Request finished in 21.2744ms 204  
2020-07-29 21:51:40.7690|1|INFO|Microsoft.AspNetCore.Hosting.Diagnostics|Request starting HTTP/2.0 POST https://localhost:44309/api/orders application/json;charset=UTF-8 302 
2020-07-29 21:51:40.7690|4|INFO|Microsoft.AspNetCore.Cors.Infrastructure.CorsService|CORS policy execution successful. 
2020-07-29 21:51:40.7786|4|INFO|Microsoft.AspNetCore.Cors.Infrastructure.CorsService|CORS policy execution successful. 
2020-07-29 21:51:41.0669|2|INFO|Microsoft.AspNetCore.Authentication.JwtBearer.JwtBearerHandler|Successfully validated the token. 
2020-07-29 21:51:41.0669|0|INFO|Microsoft.AspNetCore.Routing.EndpointMiddleware|Executing endpoint 'ECommerce.Api.Controllers.OrdersController.Checkout (ECommerce.Api)' 
2020-07-29 21:51:41.1010|3|INFO|Microsoft.AspNetCore.Mvc.Infrastructure.ControllerActionInvoker|Route matched with {action = "Checkout", controller = "Orders"}. Executing controller action with signature Microsoft.AspNetCore.Mvc.IActionResult Checkout(ECommerce.Api.Models.OrderModel) on controller ECommerce.Api.Controllers.OrdersController (ECommerce.Api). 
2020-07-29 21:52:02.2653|1|INFO|Microsoft.AspNetCore.Mvc.Infrastructure.ObjectResultExecutor|Executing ObjectResult, writing value of type 'ECommerce.Api.Models.ResponseModel'. 
2020-07-29 21:52:02.2653|2|INFO|Microsoft.AspNetCore.Mvc.Infrastructure.ControllerActionInvoker|Executed action ECommerce.Api.Controllers.OrdersController.Checkout (ECommerce.Api) in 21167.7138ms 
2020-07-29 21:52:02.2653|1|INFO|Microsoft.AspNetCore.Routing.EndpointMiddleware|Executed endpoint 'ECommerce.Api.Controllers.OrdersController.Checkout (ECommerce.Api)' 
2020-07-29 21:52:02.2791|2|INFO|Microsoft.AspNetCore.Hosting.Diagnostics|Request finished in 21511.2287ms 200 application/json; charset=utf-8 
2020-07-29 21:53:22.7180|1|INFO|Microsoft.AspNetCore.Hosting.Diagnostics|Request starting HTTP/2.0 OPTIONS https://localhost:44309/api/categories   
2020-07-29 21:53:22.7180|4|INFO|Microsoft.AspNetCore.Cors.Infrastructure.CorsService|CORS policy execution successful. 
2020-07-29 21:53:22.7329|2|INFO|Microsoft.AspNetCore.Hosting.Diagnostics|Request finished in 15.7599ms 204  
2020-07-29 21:53:22.7329|1|INFO|Microsoft.AspNetCore.Hosting.Diagnostics|Request starting HTTP/2.0 GET https://localhost:44309/api/categories   
2020-07-29 21:53:22.7329|4|INFO|Microsoft.AspNetCore.Cors.Infrastructure.CorsService|CORS policy execution successful. 
2020-07-29 21:53:22.7329|4|INFO|Microsoft.AspNetCore.Cors.Infrastructure.CorsService|CORS policy execution successful. 
2020-07-29 21:53:22.7538|2|INFO|Microsoft.AspNetCore.Authentication.JwtBearer.JwtBearerHandler|Successfully validated the token. 
2020-07-29 21:53:22.7538|0|INFO|Microsoft.AspNetCore.Routing.EndpointMiddleware|Executing endpoint 'ECommerce.Api.Controllers.CategoriesController.GetCategories (ECommerce.Api)' 
2020-07-29 21:53:22.7689|3|INFO|Microsoft.AspNetCore.Mvc.Infrastructure.ControllerActionInvoker|Route matched with {action = "GetCategories", controller = "Categories"}. Executing controller action with signature System.Linq.IQueryable`1[ECommerce.Entity.Models.Category] GetCategories() on controller ECommerce.Api.Controllers.CategoriesController (ECommerce.Api). 
2020-07-29 21:53:22.9233|1|INFO|Microsoft.AspNetCore.Mvc.Infrastructure.ObjectResultExecutor|Executing ObjectResult, writing value of type 'System.Collections.Generic.List`1[[ECommerce.Entity.Models.Category, ECommerce.Entity, Version=1.0.0.0, Culture=neutral, PublicKeyToken=null]]'. 
2020-07-29 21:53:22.9233|2|INFO|Microsoft.AspNetCore.Mvc.Infrastructure.ControllerActionInvoker|Executed action ECommerce.Api.Controllers.CategoriesController.GetCategories (ECommerce.Api) in 161.7372ms 
2020-07-29 21:53:22.9332|1|INFO|Microsoft.AspNetCore.Routing.EndpointMiddleware|Executed endpoint 'ECommerce.Api.Controllers.CategoriesController.GetCategories (ECommerce.Api)' 
2020-07-29 21:53:22.9332|2|INFO|Microsoft.AspNetCore.Hosting.Diagnostics|Request finished in 200.3906ms 200 application/json; charset=utf-8 
2020-07-29 21:53:22.9523|1|INFO|Microsoft.AspNetCore.Hosting.Diagnostics|Request starting HTTP/2.0 OPTIONS https://localhost:44309/api/products/0?page=1   
2020-07-29 21:53:22.9523|4|INFO|Microsoft.AspNetCore.Cors.Infrastructure.CorsService|CORS policy execution successful. 
2020-07-29 21:53:22.9523|2|INFO|Microsoft.AspNetCore.Hosting.Diagnostics|Request finished in 2.5229ms 204  
2020-07-29 21:53:22.9523|1|INFO|Microsoft.AspNetCore.Hosting.Diagnostics|Request starting HTTP/2.0 GET https://localhost:44309/api/products/0?page=1   
2020-07-29 21:53:22.9523|4|INFO|Microsoft.AspNetCore.Cors.Infrastructure.CorsService|CORS policy execution successful. 
2020-07-29 21:53:22.9523|4|INFO|Microsoft.AspNetCore.Cors.Infrastructure.CorsService|CORS policy execution successful. 
2020-07-29 21:53:22.9649|2|INFO|Microsoft.AspNetCore.Authentication.JwtBearer.JwtBearerHandler|Successfully validated the token. 
2020-07-29 21:53:22.9649|0|INFO|Microsoft.AspNetCore.Routing.EndpointMiddleware|Executing endpoint 'ECommerce.Api.Controllers.ProductsController.GetProducts (ECommerce.Api)' 
2020-07-29 21:53:22.9649|3|INFO|Microsoft.AspNetCore.Mvc.Infrastructure.ControllerActionInvoker|Route matched with {action = "GetProducts", controller = "Products"}. Executing controller action with signature Microsoft.AspNetCore.Mvc.IActionResult GetProducts(System.Nullable`1[System.Int32], Int32) on controller ECommerce.Api.Controllers.ProductsController (ECommerce.Api). 
2020-07-29 21:53:23.1326|1|INFO|Microsoft.AspNetCore.Mvc.Infrastructure.ObjectResultExecutor|Executing ObjectResult, writing value of type 'ECommerce.Api.Models.ProductListModel'. 
2020-07-29 21:53:23.1389|2|INFO|Microsoft.AspNetCore.Mvc.Infrastructure.ControllerActionInvoker|Executed action ECommerce.Api.Controllers.ProductsController.GetProducts (ECommerce.Api) in 165.7386ms 
2020-07-29 21:53:23.1389|1|INFO|Microsoft.AspNetCore.Routing.EndpointMiddleware|Executed endpoint 'ECommerce.Api.Controllers.ProductsController.GetProducts (ECommerce.Api)' 
2020-07-29 21:53:23.1389|2|INFO|Microsoft.AspNetCore.Hosting.Diagnostics|Request finished in 184.754ms 200 application/json; charset=utf-8 
2020-07-29 21:53:23.1728|1|INFO|Microsoft.AspNetCore.Hosting.Diagnostics|Request starting HTTP/2.0 GET https://localhost:44309//img/d7b993857fb6467998f05d8bacbcb617828.jpg   
2020-07-29 21:53:23.1728|1|INFO|Microsoft.AspNetCore.Hosting.Diagnostics|Request starting HTTP/2.0 GET https://localhost:44309//img/7.jpg   
2020-07-29 21:53:23.1728|1|INFO|Microsoft.AspNetCore.Hosting.Diagnostics|Request starting HTTP/2.0 GET https://localhost:44309//img/145231269f8840e8a57e0fe512315178209.jpg   
2020-07-29 21:53:23.2270|2|INFO|Microsoft.AspNetCore.StaticFiles.StaticFileMiddleware|Sending file. Request path: '//img/145231269f8840e8a57e0fe512315178209.jpg'. Physical path: 'C:\Users\malik\Desktop\Projects\ECommerceShop\ECommerce\ECommerce.Api\wwwroot\img\145231269f8840e8a57e0fe512315178209.jpg' 
2020-07-29 21:53:23.2270|2|INFO|Microsoft.AspNetCore.StaticFiles.StaticFileMiddleware|Sending file. Request path: '//img/7.jpg'. Physical path: 'C:\Users\malik\Desktop\Projects\ECommerceShop\ECommerce\ECommerce.Api\wwwroot\img\7.jpg' 
2020-07-29 21:53:23.2270|2|INFO|Microsoft.AspNetCore.StaticFiles.StaticFileMiddleware|Sending file. Request path: '//img/d7b993857fb6467998f05d8bacbcb617828.jpg'. Physical path: 'C:\Users\malik\Desktop\Projects\ECommerceShop\ECommerce\ECommerce.Api\wwwroot\img\d7b993857fb6467998f05d8bacbcb617828.jpg' 
2020-07-29 21:53:23.2314|2|INFO|Microsoft.AspNetCore.Hosting.Diagnostics|Request finished in 60.2904ms 200 image/jpeg 
2020-07-29 21:53:23.2314|2|INFO|Microsoft.AspNetCore.Hosting.Diagnostics|Request finished in 58.4443ms 200 image/jpeg 
2020-07-29 21:53:23.2270|2|INFO|Microsoft.AspNetCore.Hosting.Diagnostics|Request finished in 55.1828ms 200 image/jpeg 
2020-07-29 21:53:24.8747|1|INFO|Microsoft.AspNetCore.Hosting.Diagnostics|Request starting HTTP/2.0 GET https://localhost:44309//img/145231269f8840e8a57e0fe512315178209.jpg   
2020-07-29 21:53:24.8747|2|INFO|Microsoft.AspNetCore.StaticFiles.StaticFileMiddleware|Sending file. Request path: '//img/145231269f8840e8a57e0fe512315178209.jpg'. Physical path: 'C:\Users\malik\Desktop\Projects\ECommerceShop\ECommerce\ECommerce.Api\wwwroot\img\145231269f8840e8a57e0fe512315178209.jpg' 
2020-07-29 21:53:24.8747|2|INFO|Microsoft.AspNetCore.Hosting.Diagnostics|Request finished in 4.3806ms 200 image/jpeg 
2020-07-29 21:53:28.2163|1|INFO|Microsoft.AspNetCore.Hosting.Diagnostics|Request starting HTTP/2.0 OPTIONS https://localhost:44309/api/categories   
2020-07-29 21:53:28.2163|4|INFO|Microsoft.AspNetCore.Cors.Infrastructure.CorsService|CORS policy execution successful. 
2020-07-29 21:53:28.2163|2|INFO|Microsoft.AspNetCore.Hosting.Diagnostics|Request finished in 4.1827ms 204  
2020-07-29 21:53:28.2331|1|INFO|Microsoft.AspNetCore.Hosting.Diagnostics|Request starting HTTP/2.0 GET https://localhost:44309/api/categories   
2020-07-29 21:53:28.2331|4|INFO|Microsoft.AspNetCore.Cors.Infrastructure.CorsService|CORS policy execution successful. 
2020-07-29 21:53:28.2331|4|INFO|Microsoft.AspNetCore.Cors.Infrastructure.CorsService|CORS policy execution successful. 
2020-07-29 21:53:28.2331|2|INFO|Microsoft.AspNetCore.Authentication.JwtBearer.JwtBearerHandler|Successfully validated the token. 
2020-07-29 21:53:28.2331|0|INFO|Microsoft.AspNetCore.Routing.EndpointMiddleware|Executing endpoint 'ECommerce.Api.Controllers.CategoriesController.GetCategories (ECommerce.Api)' 
2020-07-29 21:53:28.2451|3|INFO|Microsoft.AspNetCore.Mvc.Infrastructure.ControllerActionInvoker|Route matched with {action = "GetCategories", controller = "Categories"}. Executing controller action with signature System.Linq.IQueryable`1[ECommerce.Entity.Models.Category] GetCategories() on controller ECommerce.Api.Controllers.CategoriesController (ECommerce.Api). 
2020-07-29 21:53:28.2451|1|INFO|Microsoft.AspNetCore.Mvc.Infrastructure.ObjectResultExecutor|Executing ObjectResult, writing value of type 'System.Collections.Generic.List`1[[ECommerce.Entity.Models.Category, ECommerce.Entity, Version=1.0.0.0, Culture=neutral, PublicKeyToken=null]]'. 
2020-07-29 21:53:28.2451|2|INFO|Microsoft.AspNetCore.Mvc.Infrastructure.ControllerActionInvoker|Executed action ECommerce.Api.Controllers.CategoriesController.GetCategories (ECommerce.Api) in 12.4607ms 
2020-07-29 21:53:28.2611|1|INFO|Microsoft.AspNetCore.Routing.EndpointMiddleware|Executed endpoint 'ECommerce.Api.Controllers.CategoriesController.GetCategories (ECommerce.Api)' 
2020-07-29 21:53:28.2611|2|INFO|Microsoft.AspNetCore.Hosting.Diagnostics|Request finished in 28.97ms 200 application/json; charset=utf-8 
2020-07-29 21:53:28.2611|1|INFO|Microsoft.AspNetCore.Hosting.Diagnostics|Request starting HTTP/2.0 OPTIONS https://localhost:44309/api/products/0?page=1   
2020-07-29 21:53:28.2611|4|INFO|Microsoft.AspNetCore.Cors.Infrastructure.CorsService|CORS policy execution successful. 
2020-07-29 21:53:28.2611|2|INFO|Microsoft.AspNetCore.Hosting.Diagnostics|Request finished in 3.2693ms 204  
2020-07-29 21:53:28.2770|1|INFO|Microsoft.AspNetCore.Hosting.Diagnostics|Request starting HTTP/2.0 GET https://localhost:44309/api/products/0?page=1   
2020-07-29 21:53:28.2770|4|INFO|Microsoft.AspNetCore.Cors.Infrastructure.CorsService|CORS policy execution successful. 
2020-07-29 21:53:28.2770|4|INFO|Microsoft.AspNetCore.Cors.Infrastructure.CorsService|CORS policy execution successful. 
2020-07-29 21:53:28.2770|2|INFO|Microsoft.AspNetCore.Authentication.JwtBearer.JwtBearerHandler|Successfully validated the token. 
2020-07-29 21:53:28.2770|0|INFO|Microsoft.AspNetCore.Routing.EndpointMiddleware|Executing endpoint 'ECommerce.Api.Controllers.ProductsController.GetProducts (ECommerce.Api)' 
2020-07-29 21:53:28.2770|3|INFO|Microsoft.AspNetCore.Mvc.Infrastructure.ControllerActionInvoker|Route matched with {action = "GetProducts", controller = "Products"}. Executing controller action with signature Microsoft.AspNetCore.Mvc.IActionResult GetProducts(System.Nullable`1[System.Int32], Int32) on controller ECommerce.Api.Controllers.ProductsController (ECommerce.Api). 
2020-07-29 21:53:28.3033|1|INFO|Microsoft.AspNetCore.Mvc.Infrastructure.ObjectResultExecutor|Executing ObjectResult, writing value of type 'ECommerce.Api.Models.ProductListModel'. 
2020-07-29 21:53:28.3033|2|INFO|Microsoft.AspNetCore.Mvc.Infrastructure.ControllerActionInvoker|Executed action ECommerce.Api.Controllers.ProductsController.GetProducts (ECommerce.Api) in 19.0006ms 
2020-07-29 21:53:28.3140|1|INFO|Microsoft.AspNetCore.Routing.EndpointMiddleware|Executed endpoint 'ECommerce.Api.Controllers.ProductsController.GetProducts (ECommerce.Api)' 
2020-07-29 21:53:28.3140|2|INFO|Microsoft.AspNetCore.Hosting.Diagnostics|Request finished in 41.8635ms 200 application/json; charset=utf-8 
2020-07-29 21:53:28.3400|1|INFO|Microsoft.AspNetCore.Hosting.Diagnostics|Request starting HTTP/2.0 GET https://localhost:44309//img/d7b993857fb6467998f05d8bacbcb617828.jpg   
2020-07-29 21:53:28.3400|1|INFO|Microsoft.AspNetCore.Hosting.Diagnostics|Request starting HTTP/2.0 GET https://localhost:44309//img/145231269f8840e8a57e0fe512315178209.jpg   
2020-07-29 21:53:28.3400|2|INFO|Microsoft.AspNetCore.StaticFiles.StaticFileMiddleware|Sending file. Request path: '//img/d7b993857fb6467998f05d8bacbcb617828.jpg'. Physical path: 'C:\Users\malik\Desktop\Projects\ECommerceShop\ECommerce\ECommerce.Api\wwwroot\img\d7b993857fb6467998f05d8bacbcb617828.jpg' 
2020-07-29 21:53:28.3400|2|INFO|Microsoft.AspNetCore.StaticFiles.StaticFileMiddleware|Sending file. Request path: '//img/145231269f8840e8a57e0fe512315178209.jpg'. Physical path: 'C:\Users\malik\Desktop\Projects\ECommerceShop\ECommerce\ECommerce.Api\wwwroot\img\145231269f8840e8a57e0fe512315178209.jpg' 
2020-07-29 21:53:28.3400|2|INFO|Microsoft.AspNetCore.Hosting.Diagnostics|Request finished in 6.9614ms 200 image/jpeg 
2020-07-29 21:53:28.3400|2|INFO|Microsoft.AspNetCore.Hosting.Diagnostics|Request finished in 5.0474ms 200 image/jpeg 
2020-07-29 21:53:28.3400|1|INFO|Microsoft.AspNetCore.Hosting.Diagnostics|Request starting HTTP/2.0 GET https://localhost:44309//img/7.jpg   
2020-07-29 21:53:28.3663|2|INFO|Microsoft.AspNetCore.StaticFiles.StaticFileMiddleware|Sending file. Request path: '//img/7.jpg'. Physical path: 'C:\Users\malik\Desktop\Projects\ECommerceShop\ECommerce\ECommerce.Api\wwwroot\img\7.jpg' 
2020-07-29 21:53:28.3663|2|INFO|Microsoft.AspNetCore.Hosting.Diagnostics|Request finished in 20.1ms 200 image/jpeg 
2020-07-29 22:23:23.0417||INFO|Microsoft.AspNetCore.DataProtection.KeyManagement.XmlKeyManager|User profile is available. Using 'C:\Users\malik\AppData\Local\ASP.NET\DataProtection-Keys' as key repository and Windows DPAPI to encrypt keys at rest. 
2020-07-29 22:23:24.5071||INFO|Microsoft.Hosting.Lifetime|Application started. Press Ctrl+C to shut down. 
2020-07-29 22:23:24.5187||INFO|Microsoft.Hosting.Lifetime|Hosting environment: Development 
2020-07-29 22:23:24.5187||INFO|Microsoft.Hosting.Lifetime|Content root path: C:\Users\malik\Desktop\Projects\ECommerceShop\ECommerce\ECommerce.Api 
2020-07-29 22:23:24.5449|1|INFO|Microsoft.AspNetCore.Hosting.Diagnostics|Request starting HTTP/2.0 GET https://localhost:44309/swagger/index.html   
2020-07-29 22:23:24.6271|2|INFO|Microsoft.AspNetCore.Hosting.Diagnostics|Request finished in 83.6316ms 200 text/html;charset=utf-8 
2020-07-29 22:23:24.7951|1|INFO|Microsoft.AspNetCore.Hosting.Diagnostics|Request starting HTTP/2.0 GET https://localhost:44309/swagger/V1/swagger.json   
2020-07-29 22:23:24.9518|2|INFO|Microsoft.AspNetCore.Hosting.Diagnostics|Request finished in 156.8653ms 200 application/json;charset=utf-8 
